<?xml version="1.0" encoding="utf-8"?><testsuites><testsuite name="pytest" errors="0" failures="0" skipped="0" tests="5" time="5.385" timestamp="2024-10-15T17:01:11.196231+05:30" hostname="Admin"><testcase classname="test_main" name="test_check_root" time="0.013" /><testcase classname="test_main" name="test_read_prediction" time="1.679" /><testcase classname="test_main" name="test_read_prediction_check_all_attr" time="1.629" /><testcase classname="test_main" name="test_missing_input_data" time="0.004" /><testcase classname="test_main" name="test_invalid_input_data" time="0.004" /></testsuite></testsuites>